<?xml version="1.0" encoding="UTF-8"?>
<testng-results ignored="0" total="2" passed="2" failed="0" skipped="0">
  <reporter-output>
  </reporter-output>
  <suite started-at="2023-06-19T12:48:43 IST" name="Default suite" finished-at="2023-06-19T12:49:07 IST" duration-ms="23905">
    <groups>
    </groups>
    <test started-at="2023-06-19T12:48:43 IST" name="Default test" finished-at="2023-06-19T12:49:07 IST" duration-ms="23905">
      <class name="testCase.RunTestCase">
        <test-method is-config="true" signature="beforeMethod()[pri:0, instance:testCase.RunTestCase@74ea2410]" started-at="2023-06-19T12:48:43 IST" name="beforeMethod" finished-at="2023-06-19T12:48:53 IST" duration-ms="9519" status="PASS">
          <reporter-output>
          </reporter-output>
        </test-method> <!-- beforeMethod -->
        <test-method signature="login()[pri:1, instance:testCase.RunTestCase@74ea2410]" started-at="2023-06-19T12:48:53 IST" name="login" finished-at="2023-06-19T12:48:54 IST" duration-ms="901" status="PASS">
          <reporter-output>
          </reporter-output>
        </test-method> <!-- login -->
        <test-method signature="homePage()[pri:2, instance:testCase.RunTestCase@74ea2410]" started-at="2023-06-19T12:48:54 IST" name="homePage" finished-at="2023-06-19T12:49:07 IST" duration-ms="13404" status="PASS">
          <reporter-output>
          </reporter-output>
        </test-method> <!-- homePage -->
      </class> <!-- testCase.RunTestCase -->
    </test> <!-- Default test -->
  </suite> <!-- Default suite -->
</testng-results>
